2026-02-02 15:45:25,991 INFO batch_infer Starting job
2026-02-02 15:45:26,032 INFO batch_infer Loading model...
2026-02-02 15:45:26,159 INFO batch_infer Model loaded
2026-02-02 15:45:26,724 INFO batch_infer Batch complete
2026-02-02 15:45:27,212 INFO batch_infer Batch complete
2026-02-02 15:45:27,690 INFO batch_infer Batch complete
2026-02-02 15:45:28,155 INFO batch_infer Batch complete
2026-02-02 15:45:28,567 INFO batch_infer Batch complete
2026-02-02 15:45:29,016 INFO batch_infer Batch complete
2026-02-02 15:45:29,465 INFO batch_infer Batch complete
2026-02-02 15:45:29,883 INFO batch_infer Batch complete
2026-02-02 15:45:30,319 INFO batch_infer Batch complete
2026-02-02 15:45:30,810 INFO batch_infer Batch complete
2026-02-02 15:45:31,314 INFO batch_infer Batch complete
2026-02-02 15:45:31,744 INFO batch_infer Batch complete
2026-02-02 15:45:32,177 INFO batch_infer Batch complete
2026-02-02 15:45:32,598 INFO batch_infer Batch complete
2026-02-02 15:45:33,077 INFO batch_infer Batch complete
2026-02-02 15:45:33,499 INFO batch_infer Batch complete
2026-02-02 15:45:34,006 INFO batch_infer Batch complete
2026-02-02 15:45:34,421 INFO batch_infer Batch complete
2026-02-02 15:45:34,877 INFO batch_infer Batch complete
2026-02-02 15:45:35,273 INFO batch_infer Batch complete
2026-02-02 15:45:35,717 INFO batch_infer Batch complete
2026-02-02 15:45:36,152 INFO batch_infer Batch complete
2026-02-02 15:45:36,605 INFO batch_infer Batch complete
2026-02-02 15:45:37,029 INFO batch_infer Batch complete
2026-02-02 15:45:37,435 INFO batch_infer Batch complete
2026-02-02 15:45:37,857 INFO batch_infer Batch complete
2026-02-02 15:45:38,303 INFO batch_infer Batch complete
2026-02-02 15:45:38,726 INFO batch_infer Batch complete
2026-02-02 15:45:39,188 INFO batch_infer Batch complete
2026-02-02 15:45:39,596 INFO batch_infer Batch complete
2026-02-02 15:45:40,048 INFO batch_infer Batch complete
2026-02-02 15:45:40,048 INFO batch_infer Row limit reached
2026-02-02 15:45:40,158 INFO batch_infer Job complete
