2026-02-01 17:15:47,352 INFO batch_infer Starting job
2026-02-01 17:15:47,410 INFO batch_infer Loading model...
2026-02-01 17:15:53,202 INFO batch_infer Model loaded
2026-02-01 17:15:55,157 INFO batch_infer Batch complete
2026-02-01 17:15:57,151 INFO batch_infer Batch complete
2026-02-01 17:15:58,933 INFO batch_infer Batch complete
2026-02-01 17:16:01,216 INFO batch_infer Batch complete
2026-02-01 17:16:03,520 INFO batch_infer Batch complete
2026-02-01 17:16:05,365 INFO batch_infer Batch complete
2026-02-01 17:16:07,428 INFO batch_infer Batch complete
2026-02-01 17:16:09,547 INFO batch_infer Batch complete
2026-02-01 17:16:12,246 INFO batch_infer Batch complete
2026-02-01 17:16:14,773 INFO batch_infer Batch complete
2026-02-01 17:16:17,028 INFO batch_infer Batch complete
2026-02-01 17:16:19,818 INFO batch_infer Batch complete
2026-02-01 17:16:22,045 INFO batch_infer Batch complete
2026-02-01 17:16:24,609 INFO batch_infer Batch complete
2026-02-01 17:16:26,901 INFO batch_infer Batch complete
2026-02-01 17:16:26,902 INFO batch_infer Row limit reached
2026-02-01 17:16:28,406 INFO batch_infer Job complete
