2026-02-02 15:46:21,052 INFO batch_infer Starting job
2026-02-02 15:46:21,102 INFO batch_infer Loading model...
2026-02-02 15:46:21,225 INFO batch_infer Model loaded
2026-02-02 15:46:21,682 INFO batch_infer Batch complete
2026-02-02 15:46:22,159 INFO batch_infer Batch complete
2026-02-02 15:46:22,596 INFO batch_infer Batch complete
2026-02-02 15:46:23,047 INFO batch_infer Batch complete
2026-02-02 15:46:23,445 INFO batch_infer Batch complete
2026-02-02 15:46:23,869 INFO batch_infer Batch complete
2026-02-02 15:46:24,334 INFO batch_infer Batch complete
2026-02-02 15:46:24,748 INFO batch_infer Batch complete
2026-02-02 15:46:25,171 INFO batch_infer Batch complete
2026-02-02 15:46:25,593 INFO batch_infer Batch complete
2026-02-02 15:46:26,074 INFO batch_infer Batch complete
2026-02-02 15:46:26,499 INFO batch_infer Batch complete
2026-02-02 15:46:26,992 INFO batch_infer Batch complete
2026-02-02 15:46:27,421 INFO batch_infer Batch complete
2026-02-02 15:46:27,875 INFO batch_infer Batch complete
2026-02-02 15:46:28,293 INFO batch_infer Batch complete
2026-02-02 15:46:28,746 INFO batch_infer Batch complete
2026-02-02 15:46:29,209 INFO batch_infer Batch complete
2026-02-02 15:46:29,631 INFO batch_infer Batch complete
2026-02-02 15:46:30,036 INFO batch_infer Batch complete
2026-02-02 15:46:30,483 INFO batch_infer Batch complete
2026-02-02 15:46:30,926 INFO batch_infer Batch complete
2026-02-02 15:46:31,346 INFO batch_infer Batch complete
2026-02-02 15:46:31,760 INFO batch_infer Batch complete
2026-02-02 15:46:32,329 INFO batch_infer Batch complete
2026-02-02 15:46:32,875 INFO batch_infer Batch complete
2026-02-02 15:46:33,334 INFO batch_infer Batch complete
2026-02-02 15:46:33,823 INFO batch_infer Batch complete
2026-02-02 15:46:34,305 INFO batch_infer Batch complete
2026-02-02 15:46:34,837 INFO batch_infer Batch complete
2026-02-02 15:46:35,279 INFO batch_infer Batch complete
2026-02-02 15:46:35,279 INFO batch_infer Row limit reached
2026-02-02 15:46:35,404 INFO batch_infer Job complete
