2026-02-02 15:44:31,590 INFO batch_infer Starting job
2026-02-02 15:44:31,639 INFO batch_infer Loading model...
2026-02-02 15:44:31,771 INFO batch_infer Model loaded
2026-02-02 15:44:32,726 INFO batch_infer Batch complete
2026-02-02 15:44:33,766 INFO batch_infer Batch complete
2026-02-02 15:44:34,800 INFO batch_infer Batch complete
2026-02-02 15:44:35,895 INFO batch_infer Batch complete
2026-02-02 15:44:36,789 INFO batch_infer Batch complete
2026-02-02 15:44:37,738 INFO batch_infer Batch complete
2026-02-02 15:44:38,983 INFO batch_infer Batch complete
2026-02-02 15:44:40,065 INFO batch_infer Batch complete
2026-02-02 15:44:41,218 INFO batch_infer Batch complete
2026-02-02 15:44:42,334 INFO batch_infer Batch complete
2026-02-02 15:44:43,139 INFO batch_infer Batch complete
2026-02-02 15:44:44,137 INFO batch_infer Batch complete
2026-02-02 15:44:45,158 INFO batch_infer Batch complete
2026-02-02 15:44:46,381 INFO batch_infer Batch complete
2026-02-02 15:44:47,751 INFO batch_infer Batch complete
2026-02-02 15:44:48,880 INFO batch_infer Batch complete
2026-02-02 15:44:50,074 INFO batch_infer Batch complete
2026-02-02 15:44:51,397 INFO batch_infer Batch complete
2026-02-02 15:44:52,663 INFO batch_infer Batch complete
2026-02-02 15:44:54,009 INFO batch_infer Batch complete
2026-02-02 15:44:55,218 INFO batch_infer Batch complete
2026-02-02 15:44:56,328 INFO batch_infer Batch complete
2026-02-02 15:44:57,354 INFO batch_infer Batch complete
2026-02-02 15:44:58,734 INFO batch_infer Batch complete
2026-02-02 15:44:59,897 INFO batch_infer Batch complete
2026-02-02 15:45:00,815 INFO batch_infer Batch complete
2026-02-02 15:45:01,962 INFO batch_infer Batch complete
2026-02-02 15:45:03,461 INFO batch_infer Batch complete
2026-02-02 15:45:04,874 INFO batch_infer Batch complete
2026-02-02 15:45:06,055 INFO batch_infer Batch complete
2026-02-02 15:45:07,407 INFO batch_infer Batch complete
2026-02-02 15:45:07,407 INFO batch_infer Row limit reached
2026-02-02 15:45:07,698 INFO batch_infer Job complete
